current directory: /usr/local/bundle/gems/json-2.18.0/ext/json/ext/parser
/usr/local/bin/ruby extconf.rb
checking for rb_enc_interned_str() in ruby/encoding.h... yes
checking for rb_str_to_interned_str() in ruby.h... yes
checking for rb_hash_new_capa() in ruby.h... yes
checking for rb_hash_bulk_insert() in ruby.h... yes
checking for whether -std=c99 is accepted as CFLAGS... yes
checking for arm_neon.h... yes
checking for cpuid.h... no
creating Makefile

current directory: /usr/local/bundle/gems/json-2.18.0/ext/json/ext/parser
make DESTDIR\= sitearchdir\=./.gem.20251229-9-jdfkyj sitelibdir\=./.gem.20251229-9-jdfkyj clean

current directory: /usr/local/bundle/gems/json-2.18.0/ext/json/ext/parser
make DESTDIR\= sitearchdir\=./.gem.20251229-9-jdfkyj sitelibdir\=./.gem.20251229-9-jdfkyj
compiling parser.c
linking shared-object json/ext/parser.so

current directory: /usr/local/bundle/gems/json-2.18.0/ext/json/ext/parser
make DESTDIR\= sitearchdir\=./.gem.20251229-9-jdfkyj sitelibdir\=./.gem.20251229-9-jdfkyj install
/usr/bin/install -c -m 0755 parser.so ./.gem.20251229-9-jdfkyj/json/ext

current directory: /usr/local/bundle/gems/json-2.18.0/ext/json/ext/parser
make DESTDIR\= sitearchdir\=./.gem.20251229-9-jdfkyj sitelibdir\=./.gem.20251229-9-jdfkyj clean
